<?xml version="1.0" encoding="UTF-8"?>
<!-- Generated by org.testng.reporters.JUnitReportReporter -->
<testsuite hostname="Bharadwaj-B6DD2G2" failures="0" tests="24" name="maven.Login" time="150.119" errors="0" timestamp="2023-08-31T18:14:07 IST" skipped="0">
  <testcase classname="maven.Login" name="TC_002" time="6.485"/>
  <testcase classname="maven.Login" name="TC_001" time="7.012"/>
  <testcase classname="maven.Login" name="TC_002" time="2.318"/>
  <testcase classname="maven.Login" name="TC_001" time="11.672"/>
  <testcase classname="maven.Login" name="TC_002" time="4.537"/>
  <testcase classname="maven.Login" name="TC_002" time="6.668"/>
  <testcase classname="maven.Login" name="TC_001" time="2.819"/>
  <testcase classname="maven.Login" name="TC_001" time="6.856"/>
  <testcase classname="maven.Login" name="TC_001" time="9.818"/>
  <testcase classname="maven.Login" name="TC_001" time="2.977"/>
  <testcase classname="maven.Login" name="TC_002" time="2.397"/>
  <testcase classname="maven.Login" name="TC_001" time="4.881"/>
  <testcase classname="maven.Login" name="TC_001" time="11.915"/>
  <testcase classname="maven.Login" name="TC_001" time="4.909"/>
  <testcase classname="maven.Login" name="TC_001" time="8.309"/>
  <testcase classname="maven.Login" name="TC_001" time="6.968"/>
  <testcase classname="maven.Login" name="TC_002" time="5.754"/>
  <testcase classname="maven.Login" name="TC_001" time="2.816"/>
  <testcase classname="maven.Login" name="TC_001" time="9.974"/>
  <testcase classname="maven.Login" name="TC_001" time="2.845"/>
  <testcase classname="maven.Login" name="TC_001" time="9.595"/>
  <testcase classname="maven.Login" name="TC_001" time="4.799"/>
  <testcase classname="maven.Login" name="TC_001" time="8.906"/>
  <testcase classname="maven.Login" name="TC_001" time="4.889"/>
</testsuite> <!-- maven.Login -->
