<?xml version="1.0" encoding="UTF-8"?>
<!-- Generated by org.testng.reporters.JUnitReportReporter -->
<testsuite hostname="Bharadwaj-B6DD2G2" failures="0" tests="4" name="maven.TC_002" time="17.569" errors="0" timestamp="2023-09-25T15:31:31 IST" skipped="0">
  <testcase classname="maven.TC_002" name="VerifyinvalidLogin" time="2.837"/>
  <testcase classname="maven.TC_002" name="VerifyinvalidLogin" time="3.581"/>
  <testcase classname="maven.TC_002" name="VerifyinvalidLogin" time="4.516"/>
  <testcase classname="maven.TC_002" name="VerifyinvalidLogin" time="6.635"/>
</testsuite> <!-- maven.TC_002 -->
