<?xml version="1.0" encoding="UTF-8"?>
<!-- Generated by org.testng.reporters.JUnitReportReporter -->
<testsuite hostname="Bharadwaj-B6DD2G2" failures="0" tests="12" name="maven.TC_006" time="199.005" errors="0" timestamp="2023-09-25T15:31:31 IST" skipped="0">
  <testcase classname="maven.TC_006" name="validate_error_Message_incheckoutinfopage" time="13.287"/>
  <testcase classname="maven.TC_006" name="validate_error_Message_incheckoutinfopage" time="14.510"/>
  <testcase classname="maven.TC_006" name="validate_error_Message_incheckoutinfopage" time="20.003"/>
  <testcase classname="maven.TC_006" name="validate_error_Message_incheckoutinfopage" time="17.706"/>
  <testcase classname="maven.TC_006" name="validate_error_Message_incheckoutinfopage" time="14.442"/>
  <testcase classname="maven.TC_006" name="validate_error_Message_incheckoutinfopage" time="13.181"/>
  <testcase classname="maven.TC_006" name="validate_error_Message_incheckoutinfopage" time="17.782"/>
  <testcase classname="maven.TC_006" name="validate_error_Message_incheckoutinfopage" time="19.131"/>
  <testcase classname="maven.TC_006" name="validate_error_Message_incheckoutinfopage" time="12.556"/>
  <testcase classname="maven.TC_006" name="validate_error_Message_incheckoutinfopage" time="22.793"/>
  <testcase classname="maven.TC_006" name="validate_error_Message_incheckoutinfopage" time="18.231"/>
  <testcase classname="maven.TC_006" name="validate_error_Message_incheckoutinfopage" time="15.383"/>
</testsuite> <!-- maven.TC_006 -->
