<?xml version="1.0" encoding="UTF-8"?>
<!-- Generated by org.testng.reporters.JUnitReportReporter -->
<testsuite hostname="Bharadwaj-B6DD2G2" failures="0" tests="12" name="maven.TC_001" time="95.417" errors="0" timestamp="2023-09-25T15:31:31 IST" skipped="0">
  <testcase classname="maven.TC_001" name="Verify_Url_and_login" time="5.362"/>
  <testcase classname="maven.TC_001" name="Verify_Url_and_login" time="8.400"/>
  <testcase classname="maven.TC_001" name="Verify_Url_and_login" time="4.017"/>
  <testcase classname="maven.TC_001" name="Verify_Url_and_login" time="11.241"/>
  <testcase classname="maven.TC_001" name="Verify_Url_and_login" time="8.545"/>
  <testcase classname="maven.TC_001" name="Verify_Url_and_login" time="3.738"/>
  <testcase classname="maven.TC_001" name="Verify_Url_and_login" time="12.515"/>
  <testcase classname="maven.TC_001" name="Verify_Url_and_login" time="12.914"/>
  <testcase classname="maven.TC_001" name="Verify_Url_and_login" time="6.860"/>
  <testcase classname="maven.TC_001" name="Verify_Url_and_login" time="11.843"/>
  <testcase classname="maven.TC_001" name="Verify_Url_and_login" time="5.710"/>
  <testcase classname="maven.TC_001" name="Verify_Url_and_login" time="4.272"/>
</testsuite> <!-- maven.TC_001 -->
