<?xml version="1.0" encoding="UTF-8"?>
<!-- Generated by org.testng.reporters.JUnitReportReporter -->
<testsuite hostname="Bharadwaj-B6DD2G2" failures="0" tests="12" name="maven.TC_004" time="92.760" errors="0" timestamp="2023-09-25T15:31:31 IST" skipped="0">
  <testcase classname="maven.TC_004" name="Get_Products_name_and_price" time="13.378"/>
  <testcase classname="maven.TC_004" name="Get_Products_name_and_price" time="6.595"/>
  <testcase classname="maven.TC_004" name="Get_Products_name_and_price" time="4.588"/>
  <testcase classname="maven.TC_004" name="Get_Products_name_and_price" time="6.658"/>
  <testcase classname="maven.TC_004" name="Get_Products_name_and_price" time="9.843"/>
  <testcase classname="maven.TC_004" name="Get_Products_name_and_price" time="4.413"/>
  <testcase classname="maven.TC_004" name="Get_Products_name_and_price" time="11.398"/>
  <testcase classname="maven.TC_004" name="Get_Products_name_and_price" time="7.976"/>
  <testcase classname="maven.TC_004" name="Get_Products_name_and_price" time="10.007"/>
  <testcase classname="maven.TC_004" name="Get_Products_name_and_price" time="7.723"/>
  <testcase classname="maven.TC_004" name="Get_Products_name_and_price" time="4.725"/>
  <testcase classname="maven.TC_004" name="Get_Products_name_and_price" time="5.456"/>
</testsuite> <!-- maven.TC_004 -->
