<?xml version="1.0" encoding="UTF-8"?>
<!-- Generated by org.testng.reporters.JUnitReportReporter -->
<testsuite hostname="Bharadwaj-B6DD2G2" failures="0" tests="3" name="maven.TC_007" time="16.367" errors="0" timestamp="2023-09-01T14:03:17 IST" skipped="0">
  <testcase classname="maven.TC_007" name="Validate_Itemimage" time="8.846"/>
  <testcase classname="maven.TC_007" name="Validate_Itemimage" time="2.797"/>
  <testcase classname="maven.TC_007" name="Validate_Itemimage" time="4.724"/>
</testsuite> <!-- maven.TC_007 -->
