<?xml version="1.0" encoding="UTF-8"?>
<!-- Generated by org.testng.reporters.JUnitReportReporter -->
<testsuite hostname="Bharadwaj-B6DD2G2" failures="0" tests="1" name="Locator.Dataandlocator" time="0.022" errors="0" timestamp="2023-08-12T08:38:20 IST" skipped="0">
  <testcase classname="Locator.Dataandlocator" name="Test_input" time="0.022"/>
</testsuite> <!-- Locator.Dataandlocator -->
